<?xml version="1.0" encoding="UTF-8"?>
<!-- Generated by org.testng.reporters.JUnitReportReporter -->
<testsuite hostname="DESKTOP-I9P4HJL" failures="0" tests="4" name="testcases.LoginTest" time="28.840" errors="0" timestamp="2024-04-06T16:05:31 IST" skipped="0">
  <testcase classname="testcases.LoginTest" name="Loninwithinvalidusernameandvalidpassword" time="6.370"/>
  <system-out/>
  <testcase classname="testcases.LoginTest" name="loginWithValidUsernameandInvalidPassword" time="6.139"/>
  <system-out/>
  <testcase classname="testcases.LoginTest" name="LoginWithValidUserNameAndValidPassword" time="9.330"/>
  <system-out/>
  <testcase classname="testcases.LoginTest" name="loginwithinvalidusernameandinvalidpassword" time="7.001"/>
  <system-out/>
</testsuite> <!-- testcases.LoginTest -->
