<?xml version="1.0" encoding="UTF-8"?>
<!-- Generated by org.testng.reporters.JUnitReportReporter -->
<testsuite hostname="DESKTOP-I9P4HJL" failures="0" tests="3" name="testcasepratice.RegisterFromBase" time="32.031" errors="0" timestamp="2024-04-25T17:22:47 IST" skipped="0">
  <testcase classname="testcasepratice.RegisterFromBase" name="RegesterFail" time="10.113"/>
  <system-out/>
  <testcase classname="testcasepratice.RegisterFromBase" name="RegesterSuccess" time="14.157"/>
  <system-out/>
  <testcase classname="testcasepratice.RegisterFromBase" name="RegestrationFailWitoutDetails" time="7.761"/>
  <system-out/>
</testsuite> <!-- testcasepratice.RegisterFromBase -->
