<?xml version="1.0" encoding="UTF-8"?>
<!-- Generated by org.testng.reporters.JUnitReportReporter -->
<testsuite hostname="DESKTOP-I9P4HJL" failures="0" tests="1" name="testcases.SimplyfiyRegestration" time="9.857" errors="0" timestamp="2024-04-10T15:07:04 IST" skipped="0">
  <testcase classname="testcases.SimplyfiyRegestration" name="simpleRegestration" time="9.857"/>
  <system-out/>
</testsuite> <!-- testcases.SimplyfiyRegestration -->
