<?xml version="1.0" encoding="UTF-8"?>
<!-- Generated by org.testng.reporters.JUnitReportReporter -->
<testsuite hostname="DESKTOP-I9P4HJL" failures="0" tests="4" name="testcasepratice.LoginFromBase" time="18.242" errors="0" timestamp="2024-04-25T15:36:42 IST" skipped="0">
  <testcase classname="testcasepratice.LoginFromBase" name="LoginFail" time="3.894"/>
  <system-out/>
  <testcase classname="testcasepratice.LoginFromBase" name="Nodetails" time="3.554"/>
  <system-out/>
  <testcase classname="testcasepratice.LoginFromBase" name="login" time="3.901"/>
  <system-out/>
  <testcase classname="testcasepratice.LoginFromBase" name="LoginFailWithEmail" time="6.893"/>
  <system-out/>
</testsuite> <!-- testcasepratice.LoginFromBase -->
