<?xml version="1.0" encoding="UTF-8"?>
<!-- Generated by org.testng.reporters.JUnitReportReporter -->
<testsuite hostname="DESKTOP-I9P4HJL" failures="0" tests="3" name="testcasepratice.RegestrationPratice" time="18.787" errors="0" timestamp="2024-04-20T12:37:19 IST" skipped="0">
  <testcase classname="testcasepratice.RegestrationPratice" name="RegestrationWithOutAntDetails" time="6.891"/>
  <system-out/>
  <testcase classname="testcasepratice.RegestrationPratice" name="RegestrationWithAllDetails" time="6.166"/>
  <system-out/>
  <testcase classname="testcasepratice.RegestrationPratice" name="RegestrationWithoutAcceptingCheckBox" time="5.730"/>
  <system-out/>
</testsuite> <!-- testcasepratice.RegestrationPratice -->
