<?xml version="1.0" encoding="UTF-8"?>
<!-- Generated by org.testng.reporters.JUnitReportReporter -->
<testsuite hostname="DESKTOP-I9P4HJL" failures="0" tests="2" name="testcases.RegestrationTest" time="26.371" errors="0" timestamp="2024-04-08T12:37:22 IST" skipped="0">
  <testcase classname="testcases.RegestrationTest" name="RegisterWithOutAcceptingChechkBox" time="13.744"/>
  <system-out/>
  <testcase classname="testcases.RegestrationTest" name="RegestrationWithAllNeededDetails" time="12.627"/>
  <system-out/>
</testsuite> <!-- testcases.RegestrationTest -->
