<?xml version="1.0" encoding="UTF-8"?>
<!-- Generated by org.testng.reporters.JUnitReportReporter -->
<testsuite hostname="DESKTOP-I9P4HJL" failures="0" tests="3" name="testcases.SearchTest" time="15.307" errors="0" timestamp="2024-04-10T14:46:50 IST" skipped="0">
  <testcase classname="testcases.SearchTest" name="SearchWithOutAnyKey" time="4.720"/>
  <system-out/>
  <testcase classname="testcases.SearchTest" name="SearchWithInvalidKey" time="4.797"/>
  <system-out/>
  <testcase classname="testcases.SearchTest" name="SearchWithValidKeyWords" time="5.790"/>
  <system-out/>
</testsuite> <!-- testcases.SearchTest -->
