<?xml version="1.0" encoding="UTF-8"?>
<!-- Generated by org.testng.reporters.JUnitReportReporter -->
<testsuite hostname="DESKTOP-I9P4HJL" failures="0" tests="2" name="testcasepratice.SearchClassPratic" time="12.496" errors="0" timestamp="2024-04-22T10:54:49 IST" skipped="0">
  <testcase classname="testcasepratice.SearchClassPratic" name="Searchthedefinedproductes" time="5.792"/>
  <system-out/>
  <testcase classname="testcasepratice.SearchClassPratic" name="SearchTheUndrfinedProductes" time="6.704"/>
  <system-out/>
</testsuite> <!-- testcasepratice.SearchClassPratic -->
